{"C:\\Users\\draco\\Documents\\Github4\\Mind\\frontend\\src\\assets\\img\\perfil-default.png": {"path":"C:\\Users\\draco\\Documents\\Github4\\Mind\\frontend\\src\\assets\\img\\perfil-default.png","statementMap":{},"fnMap":{},"branchMap":{},"s":{},"f":{},"b":{},"meta":{"lastBranch":0,"lastFunction":0,"lastStatement":0,"seen":{}}}
,"C:\\Users\\draco\\Documents\\Github4\\Mind\\frontend\\src\\assets\\img\\wallpaper-default.png": {"path":"C:\\Users\\draco\\Documents\\Github4\\Mind\\frontend\\src\\assets\\img\\wallpaper-default.png","statementMap":{},"fnMap":{},"branchMap":{},"s":{},"f":{},"b":{},"meta":{"lastBranch":0,"lastFunction":0,"lastStatement":0,"seen":{}}}
,"C:\\Users\\draco\\Documents\\Github4\\Mind\\frontend\\src\\components\\common\\ProfileImage.jsx": {"path":"C:\\Users\\draco\\Documents\\Github4\\Mind\\frontend\\src\\components\\common\\ProfileImage.jsx","statementMap":{"0":{"start":{"line":8,"column":28},"end":{"line":8,"column":null}},"1":{"start":{"line":9,"column":32},"end":{"line":9,"column":null}},"2":{"start":{"line":11,"column":24},"end":{"line":16,"column":null}},"3":{"start":{"line":12,"column":8},"end":{"line":15,"column":null}},"4":{"start":{"line":13,"column":12},"end":{"line":13,"column":null}},"5":{"start":{"line":14,"column":12},"end":{"line":14,"column":null}},"6":{"start":{"line":18,"column":4},"end":{"line":26,"column":null}}},"fnMap":{"0":{"name":"ProfileImage","decl":{"start":{"line":7,"column":24},"end":{"line":7,"column":37}},"loc":{"start":{"line":7,"column":79},"end":{"line":28,"column":null}},"line":7},"1":{"name":"(anonymous_1)","decl":{"start":{"line":11,"column":24},"end":{"line":11,"column":30}},"loc":{"start":{"line":11,"column":30},"end":{"line":16,"column":null}},"line":11}},"branchMap":{"0":{"loc":{"start":{"line":12,"column":8},"end":{"line":15,"column":null}},"type":"if","locations":[{"start":{"line":12,"column":8},"end":{"line":15,"column":null}},{"start":{},"end":{}}],"line":12},"1":{"loc":{"start":{"line":21,"column":17},"end":{"line":21,"column":null}},"type":"binary-expr","locations":[{"start":{"line":21,"column":17},"end":{"line":21,"column":24}},{"start":{"line":21,"column":24},"end":{"line":21,"column":null}}],"line":21}},"s":{"0":4,"1":4,"2":4,"3":1,"4":1,"5":1,"6":4},"f":{"0":4,"1":1},"b":{"0":[1,0],"1":[4,3]},"meta":{"lastBranch":2,"lastFunction":2,"lastStatement":7,"seen":{"f:7:24:7:37":0,"s:8:28:8:Infinity":0,"s:9:32:9:Infinity":1,"s:11:24:16:Infinity":2,"f:11:24:11:30":1,"b:12:8:15:Infinity:undefined:undefined:undefined:undefined":0,"s:12:8:15:Infinity":3,"s:13:12:13:Infinity":4,"s:14:12:14:Infinity":5,"s:18:4:26:Infinity":6,"b:21:17:21:24:21:24:21:Infinity":1}}}
,"C:\\Users\\draco\\Documents\\Github4\\Mind\\frontend\\src\\utils\\imageHelper.js": {"path":"C:\\Users\\draco\\Documents\\Github4\\Mind\\frontend\\src\\utils\\imageHelper.js","statementMap":{"0":{"start":{"line":3,"column":16},"end":{"line":3,"column":39}},"1":{"start":{"line":6,"column":30},"end":{"line":6,"column":43}},"2":{"start":{"line":7,"column":26},"end":{"line":7,"column":42}},"3":{"start":{"line":15,"column":4},"end":{"line":17,"column":5}},"4":{"start":{"line":16,"column":8},"end":{"line":16,"column":47}},"5":{"start":{"line":20,"column":4},"end":{"line":22,"column":5}},"6":{"start":{"line":21,"column":8},"end":{"line":21,"column":25}},"7":{"start":{"line":25,"column":4},"end":{"line":27,"column":5}},"8":{"start":{"line":26,"column":8},"end":{"line":26,"column":25}},"9":{"start":{"line":30,"column":4},"end":{"line":32,"column":5}},"10":{"start":{"line":31,"column":8},"end":{"line":31,"column":25}},"11":{"start":{"line":35,"column":4},"end":{"line":35,"column":48}},"12":{"start":{"line":43,"column":4},"end":{"line":43,"column":33}},"13":{"start":{"line":46,"column":4},"end":{"line":46,"column":29}},"14":{"start":{"line":56,"column":21},"end":{"line":56,"column":70}},"15":{"start":{"line":57,"column":4},"end":{"line":57,"column":49}},"16":{"start":{"line":65,"column":4},"end":{"line":65,"column":60}},"17":{"start":{"line":66,"column":4},"end":{"line":66,"column":38}},"18":{"start":{"line":67,"column":4},"end":{"line":67,"column":28}}},"fnMap":{"0":{"name":"getImageUrl","decl":{"start":{"line":13,"column":16},"end":{"line":13,"column":27}},"loc":{"start":{"line":13,"column":39},"end":{"line":36,"column":1}},"line":13},"1":{"name":"getDefaultAvatar","decl":{"start":{"line":42,"column":16},"end":{"line":42,"column":32}},"loc":{"start":{"line":42,"column":35},"end":{"line":44,"column":1}},"line":42},"2":{"name":"getDefaultWallpaper","decl":{"start":{"line":45,"column":16},"end":{"line":45,"column":35}},"loc":{"start":{"line":45,"column":38},"end":{"line":47,"column":1}},"line":45},"3":{"name":"getUploadUrl","decl":{"start":{"line":55,"column":16},"end":{"line":55,"column":28}},"loc":{"start":{"line":55,"column":39},"end":{"line":58,"column":1}},"line":55},"4":{"name":"handleImageError","decl":{"start":{"line":64,"column":16},"end":{"line":64,"column":32}},"loc":{"start":{"line":64,"column":36},"end":{"line":68,"column":null}},"line":64}},"branchMap":{"0":{"loc":{"start":{"line":15,"column":4},"end":{"line":17,"column":5}},"type":"if","locations":[{"start":{"line":15,"column":4},"end":{"line":17,"column":5}},{"start":{},"end":{}}],"line":15},"1":{"loc":{"start":{"line":15,"column":8},"end":{"line":15,"column":98}},"type":"binary-expr","locations":[{"start":{"line":15,"column":8},"end":{"line":15,"column":18}},{"start":{"line":15,"column":22},"end":{"line":15,"column":45}},{"start":{"line":15,"column":49},"end":{"line":15,"column":69}},{"start":{"line":15,"column":73},"end":{"line":15,"column":98}}],"line":15},"2":{"loc":{"start":{"line":20,"column":4},"end":{"line":22,"column":5}},"type":"if","locations":[{"start":{"line":20,"column":4},"end":{"line":22,"column":5}},{"start":{},"end":{}}],"line":20},"3":{"loc":{"start":{"line":20,"column":8},"end":{"line":20,"column":75}},"type":"binary-expr","locations":[{"start":{"line":20,"column":8},"end":{"line":20,"column":39}},{"start":{"line":20,"column":43},"end":{"line":20,"column":75}}],"line":20},"4":{"loc":{"start":{"line":25,"column":4},"end":{"line":27,"column":5}},"type":"if","locations":[{"start":{"line":25,"column":4},"end":{"line":27,"column":5}},{"start":{},"end":{}}],"line":25},"5":{"loc":{"start":{"line":30,"column":4},"end":{"line":32,"column":5}},"type":"if","locations":[{"start":{"line":30,"column":4},"end":{"line":32,"column":5}},{"start":{},"end":{}}],"line":30},"6":{"loc":{"start":{"line":56,"column":21},"end":{"line":56,"column":70}},"type":"cond-expr","locations":[{"start":{"line":56,"column":44},"end":{"line":56,"column":56}},{"start":{"line":56,"column":59},"end":{"line":56,"column":70}}],"line":56}},"s":{"0":1,"1":1,"2":1,"3":5,"4":2,"5":3,"6":0,"7":3,"8":0,"9":3,"10":0,"11":3,"12":0,"13":0,"14":0,"15":0,"16":0,"17":0,"18":0},"f":{"0":5,"1":0,"2":0,"3":0,"4":0},"b":{"0":[2,3],"1":[5,3,3,3],"2":[0,3],"3":[3,3],"4":[0,3],"5":[0,3],"6":[0,0]},"meta":{"lastBranch":7,"lastFunction":5,"lastStatement":19,"seen":{"s:3:16:3:39":0,"s:6:30:6:43":1,"s:7:26:7:42":2,"f:13:16:13:27":0,"b:15:4:17:5:undefined:undefined:undefined:undefined":0,"s:15:4:17:5":3,"b:15:8:15:18:15:22:15:45:15:49:15:69:15:73:15:98":1,"s:16:8:16:47":4,"b:20:4:22:5:undefined:undefined:undefined:undefined":2,"s:20:4:22:5":5,"b:20:8:20:39:20:43:20:75":3,"s:21:8:21:25":6,"b:25:4:27:5:undefined:undefined:undefined:undefined":4,"s:25:4:27:5":7,"s:26:8:26:25":8,"b:30:4:32:5:undefined:undefined:undefined:undefined":5,"s:30:4:32:5":9,"s:31:8:31:25":10,"s:35:4:35:48":11,"f:42:16:42:32":1,"s:43:4:43:33":12,"f:45:16:45:35":2,"s:46:4:46:29":13,"f:55:16:55:28":3,"s:56:21:56:70":14,"b:56:44:56:56:56:59:56:70":6,"s:57:4:57:49":15,"f:64:16:64:32":4,"s:65:4:65:60":16,"s:66:4:66:38":17,"s:67:4:67:28":18}}}
}
